0 info it worked if it ends with ok
1 verbose cli [ '/usr/bin/node', '/usr/bin/npm', 'run', 'build' ]
2 info using npm@3.5.2
3 info using node@v8.10.0
4 verbose run-script [ 'prebuild', 'build', 'postbuild' ]
5 info lifecycle fullstack_webdev_ass7@0.0.1~prebuild: fullstack_webdev_ass7@0.0.1
6 silly lifecycle fullstack_webdev_ass7@0.0.1~prebuild: no script for prebuild, continuing
7 info lifecycle fullstack_webdev_ass7@0.0.1~build: fullstack_webdev_ass7@0.0.1
8 verbose lifecycle fullstack_webdev_ass7@0.0.1~build: unsafe-perm in lifecycle true
9 verbose lifecycle fullstack_webdev_ass7@0.0.1~build: PATH: /usr/share/npm/bin/node-gyp-bin:/home/walder/workspaces/fullstack_webdev/fullstack_webdev_ass7/blog/backend/node_modules/.bin:/home/walder/anaconda3/bin:/home/walder/anaconda3/condabin:/usr/local/sbin:/usr/local/bin:/usr/sbin:/usr/bin:/sbin:/bin:/usr/games:/usr/local/games:/snap/bin
10 verbose lifecycle fullstack_webdev_ass7@0.0.1~build: CWD: /home/walder/workspaces/fullstack_webdev/fullstack_webdev_ass7/blog/backend
11 silly lifecycle fullstack_webdev_ass7@0.0.1~build: Args: [ '-c', 'webpack --mode=development' ]
12 silly lifecycle fullstack_webdev_ass7@0.0.1~build: Returned: code: 2  signal: null
13 info lifecycle fullstack_webdev_ass7@0.0.1~build: Failed to exec build script
14 verbose stack Error: fullstack_webdev_ass7@0.0.1 build: `webpack --mode=development`
14 verbose stack Exit status 2
14 verbose stack     at EventEmitter.<anonymous> (/usr/share/npm/lib/utils/lifecycle.js:232:16)
14 verbose stack     at emitTwo (events.js:126:13)
14 verbose stack     at EventEmitter.emit (events.js:214:7)
14 verbose stack     at ChildProcess.<anonymous> (/usr/share/npm/lib/utils/spawn.js:24:14)
14 verbose stack     at emitTwo (events.js:126:13)
14 verbose stack     at ChildProcess.emit (events.js:214:7)
14 verbose stack     at maybeClose (internal/child_process.js:925:16)
14 verbose stack     at Process.ChildProcess._handle.onexit (internal/child_process.js:209:5)
15 verbose pkgid fullstack_webdev_ass7@0.0.1
16 verbose cwd /home/walder/workspaces/fullstack_webdev/fullstack_webdev_ass7/blog/backend
17 error Linux 5.0.0-29-generic
18 error argv "/usr/bin/node" "/usr/bin/npm" "run" "build"
19 error node v8.10.0
20 error npm  v3.5.2
21 error code ELIFECYCLE
22 error fullstack_webdev_ass7@0.0.1 build: `webpack --mode=development`
22 error Exit status 2
23 error Failed at the fullstack_webdev_ass7@0.0.1 build script 'webpack --mode=development'.
23 error Make sure you have the latest version of node.js and npm installed.
23 error If you do, this is most likely a problem with the fullstack_webdev_ass7 package,
23 error not with npm itself.
23 error Tell the author that this fails on your system:
23 error     webpack --mode=development
23 error You can get information on how to open an issue for this project with:
23 error     npm bugs fullstack_webdev_ass7
23 error Or if that isn't available, you can get their info via:
23 error     npm owner ls fullstack_webdev_ass7
23 error There is likely additional logging output above.
24 verbose exit [ 1, true ]
